This is pdfTeX, Version 3.14159265-2.6-1.40.18 (TeX Live 2017/Debian) (preloaded format=latex 2018.9.16)  7 OCT 2018 15:42
entering extended mode
 restricted \write18 enabled.
 %&-line parsing enabled.
**ccfmkfs.tex
(./ccfmkfs.tex
LaTeX2e <2017-04-15>
Babel <3.18> and hyphenation patterns for 84 language(s) loaded.
(/usr/share/texlive/texmf-dist/tex/latex/base/article.cls
Document Class: article 2014/09/29 v1.4h Standard LaTeX document class
(/usr/share/texlive/texmf-dist/tex/latex/base/size10.clo
File: size10.clo 2014/09/29 v1.4h Standard LaTeX file (size option)
)
\c@part=\count79
\c@section=\count80
\c@subsection=\count81
\c@subsubsection=\count82
\c@paragraph=\count83
\c@subparagraph=\count84
\c@figure=\count85
\c@table=\count86
\abovecaptionskip=\skip41
\belowcaptionskip=\skip42
\bibindent=\dimen102
)
No file ccfmkfs.aux.
\openout1 = `ccfmkfs.aux'.

LaTeX Font Info:    Checking defaults for OML/cmm/m/it on input line 8.
LaTeX Font Info:    ... okay on input line 8.
LaTeX Font Info:    Checking defaults for T1/cmr/m/n on input line 8.
LaTeX Font Info:    ... okay on input line 8.
LaTeX Font Info:    Checking defaults for OT1/cmr/m/n on input line 8.
LaTeX Font Info:    ... okay on input line 8.
LaTeX Font Info:    Checking defaults for OMS/cmsy/m/n on input line 8.
LaTeX Font Info:    ... okay on input line 8.
LaTeX Font Info:    Checking defaults for OMX/cmex/m/n on input line 8.
LaTeX Font Info:    ... okay on input line 8.
LaTeX Font Info:    Checking defaults for U/cmr/m/n on input line 8.
LaTeX Font Info:    ... okay on input line 8.
LaTeX Font Info:    External font `cmex10' loaded for size
(Font)              <12> on input line 9.
LaTeX Font Info:    External font `cmex10' loaded for size
(Font)              <8> on input line 9.
LaTeX Font Info:    External font `cmex10' loaded for size
(Font)              <6> on input line 9.
[1

]
Overfull \hbox (120.19545pt too wide) in paragraph at lines 12--14
\OT1/cmr/m/n/10 This is a code com-ment doc-u-men-ta-tion on xfsprog-dev com-mi
t 3caeb69c19df7e955cd70f85ba361defc249dc11.
 []


Overfull \hbox (42.5443pt too wide) in paragraph at lines 15--17
\OT1/cmr/m/n/10 3733-3809:[] 
 []


Overfull \hbox (42.5443pt too wide) in paragraph at lines 18--20
\OT1/cmr/m/n/10 3811-3861:[] 
 []


Overfull \hbox (46.43318pt too wide) in paragraph at lines 21--23
\OT1/cmr/m/n/10 3863-3907: [] 
 []


Overfull \hbox (46.43318pt too wide) in paragraph at lines 24--26
\OT1/cmr/m/n/10 3915-3918: [] 
 []


Overfull \hbox (46.43318pt too wide) in paragraph at lines 27--29
\OT1/cmr/m/n/10 3925-3926: [] 
 []


Underfull \hbox (badness 10000) in paragraph at lines 27--29

 []

LaTeX Font Info:    External font `cmex10' loaded for size
(Font)              <7> on input line 31.
LaTeX Font Info:    External font `cmex10' loaded for size
(Font)              <5> on input line 31.

Overfull \hbox (46.43318pt too wide) in paragraph at lines 30--32
\OT1/cmr/m/n/10 3928-3934: [] 
 []


Overfull \hbox (46.43318pt too wide) in paragraph at lines 33--35
\OT1/cmr/m/n/10 3925-3953: [] 
 []


Overfull \hbox (23.0998pt too wide) in paragraph at lines 36--38
\OT1/cmr/m/n/10 3958: [] 
 []


Overfull \hbox (23.0998pt too wide) in paragraph at lines 39--41
\OT1/cmr/m/n/10 3965: [] 
 []

[2] (./ccfmkfs.aux) ) 
Here is how much of TeX's memory you used:
 249 strings out of 492983
 2681 string characters out of 6134922
 55908 words of memory out of 5000000
 3884 multiletter control sequences out of 15000+600000
 10996 words of font info for 38 fonts, out of 8000000 for 9000
 1141 hyphenation exceptions out of 8191
 23i,6n,19p,186b,187s stack positions out of 5000i,500n,10000p,200000b,80000s

Output written on ccfmkfs.dvi (2 pages, 1820 bytes).
